  [1m[36m (1.9ms)[0m  [1mCREATE TABLE "schema_migrations" ("version" varchar NOT NULL) [0m
  [1m[35m (21.6ms)[0m  select sqlite_version(*)
  [1m[36m (2.1ms)[0m  [1mCREATE UNIQUE INDEX "unique_schema_migrations" ON "schema_migrations" ("version")[0m
  [1m[35mActiveRecord::SchemaMigration Load (0.2ms)[0m  SELECT "schema_migrations".* FROM "schema_migrations"
Migrating to ActsAsFollowerMigration (20150806175443)
  [1m[36m (0.1ms)[0m  [1mbegin transaction[0m
DEPRECATION WARNING: `#timestamps` was called without specifying an option for `null`. In Rails 5, this behavior will change to `null: false`. You should manually specify `null: true` to prevent the behavior of your existing migrations from changing. (called from block in up at /Users/alecmartin/Documents/workspace/twitterclone/db/migrate/20150806175443_acts_as_follower_migration.rb:7)
  [1m[35m (1.5ms)[0m  CREATE TABLE "follows" ("id" INTEGER PRIMARY KEY AUTOINCREMENT NOT NULL, "followable_id" integer NOT NULL, "followable_type" varchar NOT NULL, "follower_id" integer NOT NULL, "follower_type" varchar NOT NULL, "blocked" boolean DEFAULT 'f' NOT NULL, "created_at" datetime, "updated_at" datetime) 
  [1m[36m (0.3ms)[0m  [1mCREATE  INDEX "fk_follows" ON "follows" ("follower_id", "follower_type")[0m
  [1m[35m (0.2ms)[0m              SELECT sql
            FROM sqlite_master
            WHERE name='fk_follows' AND type='index'
            UNION ALL
            SELECT sql
            FROM sqlite_temp_master
            WHERE name='fk_follows' AND type='index'

  [1m[36m (0.2ms)[0m  [1mCREATE  INDEX "fk_followables" ON "follows" ("followable_id", "followable_type")[0m
  [1m[35mSQL (0.2ms)[0m  INSERT INTO "schema_migrations" ("version") VALUES (?)  [["version", "20150806175443"]]
  [1m[36m (1.5ms)[0m  [1mcommit transaction[0m
  [1m[35mActiveRecord::SchemaMigration Load (0.1ms)[0m  SELECT "schema_migrations".* FROM "schema_migrations"
  [1m[36m (0.1ms)[0m  [1m            SELECT sql
            FROM sqlite_master
            WHERE name='fk_followables' AND type='index'
            UNION ALL
            SELECT sql
            FROM sqlite_temp_master
            WHERE name='fk_followables' AND type='index'
[0m
  [1m[35m (0.1ms)[0m              SELECT sql
            FROM sqlite_master
            WHERE name='fk_follows' AND type='index'
            UNION ALL
            SELECT sql
            FROM sqlite_temp_master
            WHERE name='fk_follows' AND type='index'

